<?xml version="1.0" encoding="UTF-8"?>
<!-- Generated by org.testng.reporters.JUnitReportReporter -->
<testsuite hostname="DESKTOP-7KFLQI9" failures="0" tests="2" name="com.swaglabs.qa.testcases.LoginPageTest" time="12.260" errors="0" timestamp="2021-06-13T16:18:27 IST" skipped="0">
  <testcase classname="com.swaglabs.qa.testcases.LoginPageTest" name="verifyTitle" time="7.120"/>
  <system-out/>
  <testcase classname="com.swaglabs.qa.testcases.LoginPageTest" name="login" time="5.140"/>
  <system-out/>
</testsuite> <!-- com.swaglabs.qa.testcases.LoginPageTest -->
